<?xml version="1.0" encoding="UTF-8"?><testsuite errors="0" failures="0" name="com.studentapp.studentinfo.StudentGetTestWithSteps" skipped="0" tests="4" time="10.75" timestamp="2022-01-10T08:28:36.795Z[Europe/London]"><testcase classname="com.studentapp.studentinfo.StudentGetTestWithSteps" name="This will search Students with Parameters and limit of students list"/><testcase classname="com.studentapp.studentinfo.StudentGetTestWithSteps" name="This will search Students with Parameters"/><testcase classname="com.studentapp.studentinfo.StudentGetTestWithSteps" name="This will get single Student info by Id"/><testcase classname="com.studentapp.studentinfo.StudentGetTestWithSteps" name="This will get all Students info"/></testsuite>